#
# There is insufficient memory for the Java Runtime Environment to continue.
# Native memory allocation (mmap) failed to map 130023424 bytes for G1 virtual space
# Possible reasons:
#   The system is out of physical RAM or swap space
#   The process is running with CompressedOops enabled, and the Java Heap may be blocking the growth of the native heap
# Possible solutions:
#   Reduce memory load on the system
#   Increase physical memory or swap space
#   Check if swap backing store is full
#   Decrease Java heap size (-Xmx/-Xms)
#   Decrease number of Java threads
#   Decrease Java thread stack sizes (-Xss)
#   Set larger code cache with -XX:ReservedCodeCacheSize=
#   JVM is running with Unscaled Compressed Oops mode in which the Java heap is
#     placed in the first 4GB address space. The Java Heap base address is the
#     maximum limit for the native heap growth. Please use -XX:HeapBaseMinAddress
#     to set the Java Heap base and to place the Java Heap above 4GB virtual address.
# This output file may be truncated or incomplete.
#
#  Out of Memory Error (os_windows.cpp:3469), pid=16588, tid=2808
#
# JRE version:  (17.0.1+12) (build )
# Java VM: Java HotSpot(TM) 64-Bit Server VM (17.0.1+12-LTS-39, mixed mode, sharing, tiered, compressed oops, compressed class ptrs, g1 gc, windows-amd64)
# No core dump will be written. Minidumps are not enabled by default on client versions of Windows
#

---------------  S U M M A R Y ------------

Command Line: -Dclassworlds.conf=D:\download\apache-maven-3.8.5\bin\m2.conf -Dmaven.home=D:\download\apache-maven-3.8.5 -Dlibrary.jansi.path=D:\download\apache-maven-3.8.5\lib\jansi-native -Dmaven.multiModuleProjectDirectory=D:\FPT\FA_2022\SWP391\shoppii org.codehaus.plexus.classworlds.launcher.Launcher -B compile

Host: Intel(R) Core(TM) i5-8300H CPU @ 2.30GHz, 8 cores, 7G,  Windows 10 , 64 bit Build 19041 (10.0.19041.1566)
Time: Tue Sep 20 11:00:14 2022 SE Asia Standard Time elapsed time: 0.047218 seconds (0d 0h 0m 0s)

---------------  T H R E A D  ---------------

Current thread (0x0000000002ab1820):  JavaThread "Unknown thread" [_thread_in_vm, id=2808, stack(0x0000000002190000,0x0000000002290000)]

Stack: [0x0000000002190000,0x0000000002290000]
Native frames: (J=compiled Java code, j=interpreted, Vv=VM code, C=native code)
V  [jvm.dll+0x66fa1a]
V  [jvm.dll+0x7ce5a4]
V  [jvm.dll+0x7cfd4e]
V  [jvm.dll+0x7d03b3]
V  [jvm.dll+0x242b05]
V  [jvm.dll+0x66ca39]
V  [jvm.dll+0x661502]
V  [jvm.dll+0x30081b]
V  [jvm.dll+0x307da6]
V  [jvm.dll+0x357a1e]
V  [jvm.dll+0x357c4f]
V  [jvm.dll+0x2d7ad8]
V  [jvm.dll+0x2d8a44]
V  [jvm.dll+0x7a01e1]
V  [jvm.dll+0x365791]
V  [jvm.dll+0x77f6cc]
V  [jvm.dll+0x3e812f]
V  [jvm.dll+0x3e9bd1]
C  [jli.dll+0x527b]
C  [ucrtbase.dll+0x21bb2]
C  [KERNEL32.DLL+0x17034]
C  [ntdll.dll+0x52651]


---------------  P R O C E S S  ---------------

Threads class SMR info:
_java_thread_list=0x00007ff81b4d7818, length=0, elements={
}

Java Threads: ( => current thread )

Other Threads:
  0x0000000002aef710 GCTaskThread "GC Thread#0" [stack: 0x000000001df70000,0x000000001e070000] [id=16460]
  0x0000000002b00cb0 ConcurrentGCThread "G1 Main Marker" [stack: 0x000000001e070000,0x000000001e170000] [id=12240]
  0x0000000002b015d0 ConcurrentGCThread "G1 Conc#0" [stack: 0x000000001e170000,0x000000001e270000] [id=4752]

[error occurred during error reporting (printing all threads), id 0xc0000005, EXCEPTION_ACCESS_VIOLATION (0xc0000005) at pc=0x00007ff81ad284b7]

VM state: not at safepoint (not fully initialized)

VM Mutex/Monitor currently owned by a thread:  ([mutex/lock_event])
[0x0000000002aadbc0] Heap_lock - owner thread: 0x0000000002ab1820

Heap address: 0x0000000084600000, size: 1978 MB, Compressed Oops mode: 32-bit

CDS archive(s) mapped at: [0x0000000000000000-0x0000000000000000-0x0000000000000000), size 0, SharedBaseAddress: 0x0000000800000000, ArchiveRelocationMode: 0.
Narrow klass base: 0x0000000000000000, Narrow klass shift: 0, Narrow klass range: 0x0

GC Precious Log:
<Empty>

Heap:
 garbage-first heap   total 0K, used 0K [0x0000000084600000, 0x0000000100000000)
  region size 1024K, 0 young (0K), 0 survivors (0K)

[error occurred during error reporting (printing heap information), id 0xc0000005, EXCEPTION_ACCESS_VIOLATION (0xc0000005) at pc=0x00007ff81b108d89]

GC Heap History (0 events):
No events

Deoptimization events (0 events):
No events

Classes unloaded (0 events):
No events

Classes redefined (0 events):
No events

Internal exceptions (0 events):
No events

VM Operations (0 events):
No events

Events (1 events):
Event: 0.021 Loaded shared library C:\Program Files\Java\jdk-17.0.1\bin\java.dll


Dynamic libraries:
0x00007ff766470000 - 0x00007ff766480000 	C:\Program Files\Java\jdk-17.0.1\bin\java.exe
0x00007ff8911d0000 - 0x00007ff8913c5000 	C:\WINDOWS\SYSTEM32\ntdll.dll
0x00007ff890b70000 - 0x00007ff890c2e000 	C:\WINDOWS\System32\KERNEL32.DLL
0x00007ff88ed80000 - 0x00007ff88f048000 	C:\WINDOWS\System32\KERNELBASE.dll
0x00007ff88f050000 - 0x00007ff88f150000 	C:\WINDOWS\System32\ucrtbase.dll
0x00007ff845ad0000 - 0x00007ff845ae8000 	C:\Program Files\Java\jdk-17.0.1\bin\jli.dll
0x00007ff845590000 - 0x00007ff8455aa000 	C:\Program Files\Java\jdk-17.0.1\bin\VCRUNTIME140.dll
0x00007ff891080000 - 0x00007ff89112e000 	C:\WINDOWS\System32\ADVAPI32.dll
0x00007ff8909f0000 - 0x00007ff890a8e000 	C:\WINDOWS\System32\msvcrt.dll
0x00007ff8903a0000 - 0x00007ff89043c000 	C:\WINDOWS\System32\sechost.dll
0x00007ff890260000 - 0x00007ff890385000 	C:\WINDOWS\System32\RPCRT4.dll
0x00007ff890850000 - 0x00007ff8909f0000 	C:\WINDOWS\System32\USER32.dll
0x00007ff88eaf0000 - 0x00007ff88eb12000 	C:\WINDOWS\System32\win32u.dll
0x00007ff890230000 - 0x00007ff89025b000 	C:\WINDOWS\System32\GDI32.dll
0x00007ff88ec70000 - 0x00007ff88ed7b000 	C:\WINDOWS\System32\gdi32full.dll
0x00007ff88e8f0000 - 0x00007ff88e98d000 	C:\WINDOWS\System32\msvcp_win.dll
0x00007ff877190000 - 0x00007ff87742a000 	C:\WINDOWS\WinSxS\amd64_microsoft.windows.common-controls_6595b64144ccf1df_6.0.19041.1110_none_60b5254171f9507e\COMCTL32.dll
0x00007ff8830f0000 - 0x00007ff8830fa000 	C:\WINDOWS\SYSTEM32\VERSION.dll
0x00007ff88f9c0000 - 0x00007ff88f9f0000 	C:\WINDOWS\System32\IMM32.DLL
0x00007ff876aa0000 - 0x00007ff876aac000 	C:\Program Files\Java\jdk-17.0.1\bin\vcruntime140_1.dll
0x00007ff81eef0000 - 0x00007ff81ef7d000 	C:\Program Files\Java\jdk-17.0.1\bin\msvcp140.dll
0x00007ff81aa40000 - 0x00007ff81b5fe000 	C:\Program Files\Java\jdk-17.0.1\bin\server\jvm.dll
0x00007ff88f9f0000 - 0x00007ff88f9f8000 	C:\WINDOWS\System32\PSAPI.DLL
0x00007ff885b80000 - 0x00007ff885ba7000 	C:\WINDOWS\SYSTEM32\WINMM.dll
0x00007ff886e00000 - 0x00007ff886e09000 	C:\WINDOWS\SYSTEM32\WSOCK32.dll
0x00007ff890650000 - 0x00007ff8906bb000 	C:\WINDOWS\System32\WS2_32.dll
0x00007ff88d180000 - 0x00007ff88d192000 	C:\WINDOWS\SYSTEM32\kernel.appcore.dll
0x00007ff8767f0000 - 0x00007ff8767fa000 	C:\Program Files\Java\jdk-17.0.1\bin\jimage.dll
0x00007ff88c6e0000 - 0x00007ff88c8c4000 	C:\WINDOWS\SYSTEM32\DBGHELP.DLL
0x00007ff857a50000 - 0x00007ff857a7c000 	C:\WINDOWS\SYSTEM32\dbgcore.DLL
0x00007ff88f1a0000 - 0x00007ff88f222000 	C:\WINDOWS\System32\bcryptPrimitives.dll
0x00007ff83a190000 - 0x00007ff83a1b5000 	C:\Program Files\Java\jdk-17.0.1\bin\java.dll

dbghelp: loaded successfully - version: 4.0.5 - missing functions: none
symbol engine: initialized successfully - sym options: 0x614 - pdb path: .;C:\Program Files\Java\jdk-17.0.1\bin;C:\WINDOWS\SYSTEM32;C:\WINDOWS\WinSxS\amd64_microsoft.windows.common-controls_6595b64144ccf1df_6.0.19041.1110_none_60b5254171f9507e;C:\Program Files\Java\jdk-17.0.1\bin\server

VM Arguments:
jvm_args: -Dclassworlds.conf=D:\download\apache-maven-3.8.5\bin\m2.conf -Dmaven.home=D:\download\apache-maven-3.8.5 -Dlibrary.jansi.path=D:\download\apache-maven-3.8.5\lib\jansi-native -Dmaven.multiModuleProjectDirectory=D:\FPT\FA_2022\SWP391\shoppii 
java_command: org.codehaus.plexus.classworlds.launcher.Launcher -B compile
java_class_path (initial): D:\download\apache-maven-3.8.5\boot\plexus-classworlds-2.6.0.jar
Launcher Type: SUN_STANDARD

[Global flags]
     intx CICompilerCount                          = 4                                         {product} {ergonomic}
     uint ConcGCThreads                            = 2                                         {product} {ergonomic}
     uint G1ConcRefinementThreads                  = 8                                         {product} {ergonomic}
   size_t G1HeapRegionSize                         = 1048576                                   {product} {ergonomic}
    uintx GCDrainStackTargetSize                   = 64                                        {product} {ergonomic}
   size_t InitialHeapSize                          = 130023424                                 {product} {ergonomic}
   size_t MarkStackSize                            = 4194304                                   {product} {ergonomic}
   size_t MaxHeapSize                              = 2074083328                                {product} {ergonomic}
   size_t MinHeapDeltaBytes                        = 1048576                                   {product} {ergonomic}
   size_t MinHeapSize                              = 8388608                                   {product} {ergonomic}
    uintx NonNMethodCodeHeapSize                   = 5839372                                {pd product} {ergonomic}
    uintx NonProfiledCodeHeapSize                  = 122909434                              {pd product} {ergonomic}
    uintx ProfiledCodeHeapSize                     = 122909434                              {pd product} {ergonomic}
    uintx ReservedCodeCacheSize                    = 251658240                              {pd product} {ergonomic}
     bool SegmentedCodeCache                       = true                                      {product} {ergonomic}
   size_t SoftMaxHeapSize                          = 2074083328                             {manageable} {ergonomic}
     bool UseCompressedClassPointers               = true                           {product lp64_product} {ergonomic}
     bool UseCompressedOops                        = true                           {product lp64_product} {ergonomic}
     bool UseG1GC                                  = true                                      {product} {ergonomic}
     bool UseLargePagesIndividualAllocation        = false                                  {pd product} {ergonomic}

Logging:
Log output configuration:
 #0: stdout all=warning uptime,level,tags
 #1: stderr all=off uptime,level,tags

Environment Variables:
PATH=C:\Program Files\Java\jdk-17.0.1\bin;C:\Python39\Scripts\;C:\Python39\;C:\Program Files (x86)\Python38-32\Scripts\;C:\Program Files (x86)\Python38-32\Scripts;C:\Program Files (x86)\Python38-32\;C:\Windows\system32;C:\Windows;C:\Windows\System32\Wbem;C:\Windows\System32\WindowsPowerShell\v1.0\;C:\Windows\System32\OpenSSH\;C:\Program Files (x86)\NVIDIA Corporation\PhysX\Common;C:\ProgramData\chocolatey\bin;C:\Program Files\Git\cmd;C:\WINDOWS\system32;C:\WINDOWS;C:\WINDOWS\System32\Wbem;C:\WINDOWS\System32\WindowsPowerShell\v1.0\;C:\WINDOWS\System32\OpenSSH\;C:\Program Files\NVIDIA Corporation\NVIDIA NvDLISR;C:\Program Files\Microsoft SQL Server\Client SDK\ODBC\170\Tools\Binn\;C:\Program Files (x86)\Microsoft SQL Server\150\Tools\Binn\;C:\Program Files\Microsoft SQL Server\150\Tools\Binn\;C:\Program Files\Microsoft SQL Server\150\DTS\Binn\;C:\Program Files (x86)\Microsoft SQL Server\150\DTS\Binn\;C:\MinGW\mingw32\bin;C:\Program Files\nodejs\;D:\download\apache-maven-3.8.5\bin;C:\Program Files\Java\jdk1.8.0_111;C:\Users\Admin\AppData\Local\Microsoft\WindowsApps;C:\Program Files\JetBrains\PyCharm Community Edition 2020.2.2\bin;;C:\Users\Admin\AppData\Local\Programs\Microsoft VS Code\bin;;C:\Program Files\Azure Data Studio\bin;C:\ProgramData\chocolatey\lib\mingw\tools\install\mingw64\bin;C:\Users\Admin\AppData\Roaming\npm
USERNAME=Admin
LANG=en_US.UTF-8
OS=Windows_NT
PROCESSOR_IDENTIFIER=Intel64 Family 6 Model 158 Stepping 10, GenuineIntel



---------------  S Y S T E M  ---------------

OS:
 Windows 10 , 64 bit Build 19041 (10.0.19041.1566)
OS uptime: 6 days 3:52 hours
Hyper-V role detected

CPU: total 8 (initial active 8) (4 cores per cpu, 2 threads per core) family 6 model 158 stepping 10 microcode 0xea, cx8, cmov, fxsr, ht, mmx, 3dnowpref, sse, sse2, sse3, ssse3, sse4.1, sse4.2, popcnt, lzcnt, tsc, tscinvbit, avx, avx2, aes, erms, clmul, bmi1, bmi2, adx, fma, vzeroupper, clflush, clflushopt, hv

Memory: 4k page, system-wide physical 7906M (368M free)
TotalPageFile size 16096M (AvailPageFile size 22M)
current process WorkingSet (physical memory assigned to process): 10M, peak: 10M
current process commit charge ("private bytes"): 60M, peak: 183M

vm_info: Java HotSpot(TM) 64-Bit Server VM (17.0.1+12-LTS-39) for windows-amd64 JRE (17.0.1+12-LTS-39), built on Sep 27 2021 18:41:35 by "mach5one" with MS VC++ 16.8 (VS2019)

END.
